Thu May 17 13:20:21 CEST 2018 : Apache Derby Network Server - 10.11.1.2 - (1629631) démarré et prêt à accepter les connexions sur le port 1527
----------------------------------------------------------------
Thu May 17 13:20:22 CEST 2018:
Amorçage de Derby version The Apache Software Foundation - Apache Derby - 10.11.1.2 - (1629631) : instance a816c00e-0163-6dd4-53ca-000023a8bf97 
dans le répertoire de base de données D:\Documents\INSA\DASI\Posit_IF\BD\Posit_IF avec le chargeur de classe sun.misc.Launcher$AppClassLoader@1d44bcfa
Chargé de file:/D:/Programs/Java/jdk1.8.0_151/db/lib/derby.jar
java.vendor=Oracle Corporation
java.runtime.version=1.8.0_151-b12
user.dir=D:\Programs\Java\jdk1.8.0_151\db
os.name=Windows 10
os.arch=amd64
os.version=10.0
derby.system.home=D:\Documents\INSA\DASI\Posit_IF\BD
Chargeur de classe de la base de données démarré - derby.database.classpath = ''
----------------------------------------------------------------
Thu May 17 13:20:33 CEST 2018:
Fermeture de l'instance a816c00e-0163-6dd4-53ca-000023a8bf97 sur le répertoire de base de données D:\Documents\INSA\DASI\Posit_IF\BD\Posit_IF avec le chargeur de classe sun.misc.Launcher$AppClassLoader@1d44bcfa 
Thu May 17 13:20:33 CEST 2018 Thread[DRDAConnThread_2,5,main] (DATABASE = Posit_IF), (DRDAID = {2}), Arrêt de la base de données 'Posit_IF'.
----------------------------------------------------------------
Thu May 17 13:21:51 CEST 2018:
Amorçage de Derby version The Apache Software Foundation - Apache Derby - 10.11.1.2 - (1629631) : instance a65c80ac-0163-6dd4-53ca-000023a8bf97 
dans le répertoire de base de données D:\Documents\INSA\DASI\Posit_IF\BD\Posit_IF avec le chargeur de classe sun.misc.Launcher$AppClassLoader@1d44bcfa
Chargé de file:/D:/Programs/Java/jdk1.8.0_151/db/lib/derby.jar
java.vendor=Oracle Corporation
java.runtime.version=1.8.0_151-b12
user.dir=D:\Programs\Java\jdk1.8.0_151\db
os.name=Windows 10
os.arch=amd64
os.version=10.0
derby.system.home=D:\Documents\INSA\DASI\Posit_IF\BD
Chargeur de classe de la base de données démarré - derby.database.classpath = ''
----------------------------------------------------------------
Thu May 17 15:50:59 CEST 2018 : fermeture du moteur Derby
